# JRE version: OpenJDK Runtime Environment (8.0_212-b04) (build 1.8.0_212-b04)
# Java VM: OpenJDK 64-Bit Server VM (25.212-b04 mixed mode windows-amd64 compressed oops)
Heap:
 PSYoungGen      total 67072K, used 15820K [0x0000000775980000, 0x000000077a400000, 0x00000007c0000000)
  eden space 57856K, 27% used [0x0000000775980000,0x00000007768f3380,0x0000000779200000)
  from space 9216K, 0% used [0x0000000779b00000,0x0000000779b00000,0x000000077a400000)
  to   space 9216K, 0% used [0x0000000779200000,0x0000000779200000,0x0000000779b00000)
 ParOldGen       total 153088K, used 3858K [0x00000006e0c00000, 0x00000006ea180000, 0x0000000775980000)
  object space 153088K, 2% used [0x00000006e0c00000,0x00000006e0fc4a90,0x00000006ea180000)
 Metaspace       used 16842K, capacity 17123K, committed 17408K, reserved 1064960K
  class space    used 1949K, capacity 2043K, committed 2048K, reserved 1048576K
GC Heap History (8 events):
Event: 1.475 GC heap before
{Heap before GC invocations=1 (full 0):
 PSYoungGen      total 67072K, used 17227K [0x0000000775980000, 0x000000077a400000, 0x00000007c0000000)
  eden space 57856K, 29% used [0x0000000775980000,0x0000000776a52c58,0x0000000779200000)
  from space 9216K, 0% used [0x0000000779b00000,0x0000000779b00000,0x000000077a400000)
  to   space 9216K, 0% used [0x0000000779200000,0x0000000779200000,0x0000000779b00000)
 ParOldGen       total 153088K, used 0K [0x00000006e0c00000, 0x00000006ea180000, 0x0000000775980000)
  object space 153088K, 0% used [0x00000006e0c00000,0x00000006e0c00000,0x00000006ea180000)
 Metaspace       used 13708K, capacity 13952K, committed 14080K, reserved 1060864K
  class space    used 1718K, capacity 1787K, committed 1792K, reserved 1048576K
Event: 1.480 GC heap after
Heap after GC invocations=1 (full 0):
 PSYoungGen      total 67072K, used 3976K [0x0000000775980000, 0x000000077a400000, 0x00000007c0000000)
  eden space 57856K, 0% used [0x0000000775980000,0x0000000775980000,0x0000000779200000)
  from space 9216K, 43% used [0x0000000779200000,0x00000007795e20a8,0x0000000779b00000)
  to   space 9216K, 0% used [0x0000000779b00000,0x0000000779b00000,0x000000077a400000)
 ParOldGen       total 153088K, used 16K [0x00000006e0c00000, 0x00000006ea180000, 0x0000000775980000)
  object space 153088K, 0% used [0x00000006e0c00000,0x00000006e0c04000,0x00000006ea180000)
 Metaspace       used 13708K, capacity 13952K, committed 14080K, reserved 1060864K
  class space    used 1718K, capacity 1787K, committed 1792K, reserved 1048576K
}
Event: 1.480 GC heap before
{Heap before GC invocations=2 (full 1):
 PSYoungGen      total 67072K, used 3976K [0x0000000775980000, 0x000000077a400000, 0x00000007c0000000)
  eden space 57856K, 0% used [0x0000000775980000,0x0000000775980000,0x0000000779200000)
  from space 9216K, 43% used [0x0000000779200000,0x00000007795e20a8,0x0000000779b00000)
  to   space 9216K, 0% used [0x0000000779b00000,0x0000000779b00000,0x000000077a400000)
 ParOldGen       total 153088K, used 16K [0x00000006e0c00000, 0x00000006ea180000, 0x0000000775980000)
  object space 153088K, 0% used [0x00000006e0c00000,0x00000006e0c04000,0x00000006ea180000)
 Metaspace       used 13708K, capacity 13952K, committed 14080K, reserved 1060864K
  class space    used 1718K, capacity 1787K, committed 1792K, reserved 1048576K
Event: 1.491 GC heap after
Heap after GC invocations=2 (full 1):
 PSYoungGen      total 67072K, used 0K [0x0000000775980000, 0x000000077a400000, 0x00000007c0000000)
  eden space 57856K, 0% used [0x0000000775980000,0x0000000775980000,0x0000000779200000)
  from space 9216K, 0% used [0x0000000779200000,0x0000000779200000,0x0000000779b00000)
  to   space 9216K, 0% used [0x0000000779b00000,0x0000000779b00000,0x000000077a400000)
 ParOldGen       total 153088K, used 3858K [0x00000006e0c00000, 0x00000006ea180000, 0x0000000775980000)
  object space 153088K, 2% used [0x00000006e0c00000,0x00000006e0fc4a90,0x00000006ea180000)
 Metaspace       used 13708K, capacity 13952K, committed 14080K, reserved 1060864K
  class space    used 1718K, capacity 1787K, committed 1792K, reserved 1048576K
}
Event: 1.491 GC heap before
{Heap before GC invocations=3 (full 1):
 PSYoungGen      total 67072K, used 0K [0x0000000775980000, 0x000000077a400000, 0x00000007c0000000)
  eden space 57856K, 0% used [0x0000000775980000,0x0000000775980000,0x0000000779200000)
  from space 9216K, 0% used [0x0000000779200000,0x0000000779200000,0x0000000779b00000)
  to   space 9216K, 0% used [0x0000000779b00000,0x0000000779b00000,0x000000077a400000)
 ParOldGen       total 153088K, used 3858K [0x00000006e0c00000, 0x00000006ea180000, 0x0000000775980000)
  object space 153088K, 2% used [0x00000006e0c00000,0x00000006e0fc4a90,0x00000006ea180000)
 Metaspace       used 13708K, capacity 13952K, committed 14080K, reserved 1060864K
  class space    used 1718K, capacity 1787K, committed 1792K, reserved 1048576K
Event: 1.491 GC heap after
Heap after GC invocations=3 (full 1):
 PSYoungGen      total 67072K, used 0K [0x0000000775980000, 0x000000077a400000, 0x00000007c0000000)
  eden space 57856K, 0% used [0x0000000775980000,0x0000000775980000,0x0000000779200000)
  from space 9216K, 0% used [0x0000000779b00000,0x0000000779b00000,0x000000077a400000)
  to   space 9216K, 0% used [0x0000000779200000,0x0000000779200000,0x0000000779b00000)
 ParOldGen       total 153088K, used 3858K [0x00000006e0c00000, 0x00000006ea180000, 0x0000000775980000)
  object space 153088K, 2% used [0x00000006e0c00000,0x00000006e0fc4a90,0x00000006ea180000)
 Metaspace       used 13708K, capacity 13952K, committed 14080K, reserved 1060864K
  class space    used 1718K, capacity 1787K, committed 1792K, reserved 1048576K
}
Event: 1.491 GC heap before
{Heap before GC invocations=4 (full 2):
 PSYoungGen      total 67072K, used 0K [0x0000000775980000, 0x000000077a400000, 0x00000007c0000000)
  eden space 57856K, 0% used [0x0000000775980000,0x0000000775980000,0x0000000779200000)
  from space 9216K, 0% used [0x0000000779b00000,0x0000000779b00000,0x000000077a400000)
  to   space 9216K, 0% used [0x0000000779200000,0x0000000779200000,0x0000000779b00000)
 ParOldGen       total 153088K, used 3858K [0x00000006e0c00000, 0x00000006ea180000, 0x0000000775980000)
  object space 153088K, 2% used [0x00000006e0c00000,0x00000006e0fc4a90,0x00000006ea180000)
 Metaspace       used 13708K, capacity 13952K, committed 14080K, reserved 1060864K
  class space    used 1718K, capacity 1787K, committed 1792K, reserved 1048576K
Event: 1.497 GC heap after
Heap after GC invocations=4 (full 2):
 PSYoungGen      total 67072K, used 0K [0x0000000775980000, 0x000000077a400000, 0x00000007c0000000)
  eden space 57856K, 0% used [0x0000000775980000,0x0000000775980000,0x0000000779200000)
  from space 9216K, 0% used [0x0000000779b00000,0x0000000779b00000,0x000000077a400000)
  to   space 9216K, 0% used [0x0000000779200000,0x0000000779200000,0x0000000779b00000)
 ParOldGen       total 153088K, used 3858K [0x00000006e0c00000, 0x00000006ea180000, 0x0000000775980000)
  object space 153088K, 2% used [0x00000006e0c00000,0x00000006e0fc4a90,0x00000006ea180000)
 Metaspace       used 13708K, capacity 13952K, committed 14080K, reserved 1060864K
  class space    used 1718K, capacity 1787K, committed 1792K, reserved 1048576K
}

